<?xml version="1.0" encoding="UTF-8"?>
<!-- Generated by org.testng.reporters.JUnitXMLReporter -->
<testsuite hostname="01250LT2368" name="Test" tests="19" failures="0" timestamp="26 Jan 2016 16:12:04 GMT" time="64.436" errors="0">
  <testcase name="verifyInvalidIDBlank" time="1.298" classname="testCase.TestCaseForLogin"/>
  <testcase name="verifyInvalidID" time="1.079" classname="testCase.TestCaseForLogin"/>
  <testcase name="verifyInvalidPassword" time="1.77" classname="testCase.TestCaseForLogin"/>
  <testcase name="validLogin" time="0.753" classname="testCase.TestCaseForLogin"/>
  <testcase name="verifyRemebarMeCheckBox" time="1.153" classname="testCase.TestCaseForLogin"/>
  <testcase name="logIn" time="7.958" classname="testCase.TestCaseForLogin"/>
  <testcase name="verifyTitle" time="0.197" classname="testCase.TestCaseForLogin"/>
  <testcase name="logout" time="4.528" classname="testCase.TestCaseForLogin"/>
  <testcase name="loginIntoApplication" time="5.736" classname="testCase.TestCaseForCreateMemberAcWithLogin"/>
  <testcase name="navigateToAccountPage" time="6.456" classname="testCase.TestCaseForCreateMemberAcWithLogin"/>
  <testcase name="enterBlankDataIntoMemberAc" time="2.559" classname="testCase.TestCaseForCreateMemberAcWithLogin"/>
  <testcase name="enterInvalidSsn" time="2.087" classname="testCase.TestCaseForCreateMemberAcWithLogin"/>
  <testcase name="enterInvalidDate" time="2.28" classname="testCase.TestCaseForCreateMemberAcWithLogin"/>
  <testcase name="enterInvalidEmail" time="2.015" classname="testCase.TestCaseForCreateMemberAcWithLogin"/>
  <testcase name="createAMemberAcWithValidData" time="8.069" classname="testCase.TestCaseForCreateMemberAcWithLogin"/>
  <testcase name="validLoginForNewAcCreate" time="10.751" classname="testCase.TestCaseForCreateIndiviualProviderAc"/>
  <testcase name="blankSubmit" time="3.133" classname="testCase.TestCaseForCreateIndiviualProviderAc"/>
  <testcase name="lastNameVerify" time="1.222" classname="testCase.TestCaseForCreateIndiviualProviderAc"/>
  <testcase name="EmailVerify" time="1.368" classname="testCase.TestCaseForCreateIndiviualProviderAc"/>
</testsuite> <!-- Test -->
