<?xml version="1.0" encoding="UTF-8"?>
<!-- Generated by org.testng.reporters.JUnitXMLReporter -->
<testsuite hostname="01250LT2368" name="Test1" tests="27" failures="0" timestamp="1 Feb 2016 17:41:26 GMT" time="118.607" errors="0">
  <testcase name="verifyInvalidIDBlank" time="2.852" classname="testCase.TestCaseForLogin"/>
  <testcase name="verifyInvalidID" time="2.813" classname="testCase.TestCaseForLogin"/>
  <testcase name="verifyInvalidPassword" time="3.556" classname="testCase.TestCaseForLogin"/>
  <testcase name="validLogin" time="0.693" classname="testCase.TestCaseForLogin"/>
  <testcase name="verifyRemebarMeCheckBox" time="0.99" classname="testCase.TestCaseForLogin"/>
  <testcase name="logIn" time="9.765" classname="testCase.TestCaseForLogin"/>
  <testcase name="verifyTitle" time="0.25" classname="testCase.TestCaseForLogin"/>
  <testcase name="logout" time="0.639" classname="testCase.TestCaseForLogin"/>
  <testcase name="loginIntoApplication" time="2.457" classname="testCase.TestCaseForCreateMemberAcWithLogin"/>
  <testcase name="navigateToAccountPage" time="8.49" classname="testCase.TestCaseForCreateMemberAcWithLogin"/>
  <testcase name="enterBlankDataIntoMemberAc" time="2.012" classname="testCase.TestCaseForCreateMemberAcWithLogin"/>
  <testcase name="enterInvalidSsn" time="1.381" classname="testCase.TestCaseForCreateMemberAcWithLogin"/>
  <testcase name="enterInvalidDate" time="1.526" classname="testCase.TestCaseForCreateMemberAcWithLogin"/>
  <testcase name="enterInvalidEmail" time="1.503" classname="testCase.TestCaseForCreateMemberAcWithLogin"/>
  <testcase name="createAMemberAcWithValidData" time="7.678" classname="testCase.TestCaseForCreateMemberAcWithLogin"/>
  <testcase name="validLoginForNewAcCreate" time="10.635" classname="testCase.TestCaseForCreateIndiviualProviderAc"/>
  <testcase name="blankSubmit" time="3.291" classname="testCase.TestCaseForCreateIndiviualProviderAc"/>
  <testcase name="lastNameVerify" time="1.03" classname="testCase.TestCaseForCreateIndiviualProviderAc"/>
  <testcase name="EmailVerify" time="1.031" classname="testCase.TestCaseForCreateIndiviualProviderAc"/>
  <testcase name="createANewAcc" time="3.906" classname="testCase.TestCaseForCreateIndiviualProviderAc"/>
  <testcase name="validLoginForNewAcCreate" time="9.562" classname="testCase.TestCaseForCreateNonIndiviualProviderAc"/>
  <testcase name="blankSubmit" time="3.296" classname="testCase.TestCaseForCreateNonIndiviualProviderAc"/>
  <testcase name="validLoginForNewAcCreate" time="9.473" classname="testCase.TestCaseForCreateReferralSourceAc"/>
  <testcase name="blankSubmit" time="2.782" classname="testCase.TestCaseForCreateReferralSourceAc"/>
  <testcase name="accNameVerify" time="3.718" classname="testCase.TestCaseForCreateReferralSourceAc"/>
  <testcase name="phoneNumberVerify" time="7.385" classname="testCase.TestCaseForCreateReferralSourceAc"/>
  <testcase name="verifyEmail" time="6.686" classname="testCase.TestCaseForCreateReferralSourceAc"/>
</testsuite> <!-- Test1 -->
