<?xml version="1.0" encoding="UTF-8"?>
<!-- Generated by org.testng.reporters.JUnitXMLReporter -->
<testsuite hostname="01250LT2368" name="Test1" tests="27" failures="0" timestamp="27 Jan 2016 20:19:26 GMT" time="130.062" errors="0">
  <testcase name="verifyInvalidIDBlank" time="3.78" classname="testCase.TestCaseForLogin"/>
  <testcase name="verifyInvalidID" time="3.459" classname="testCase.TestCaseForLogin"/>
  <testcase name="verifyInvalidPassword" time="4.103" classname="testCase.TestCaseForLogin"/>
  <testcase name="validLogin" time="0.807" classname="testCase.TestCaseForLogin"/>
  <testcase name="verifyRemebarMeCheckBox" time="1.534" classname="testCase.TestCaseForLogin"/>
  <testcase name="logIn" time="7.894" classname="testCase.TestCaseForLogin"/>
  <testcase name="verifyTitle" time="0.256" classname="testCase.TestCaseForLogin"/>
  <testcase name="logout" time="0.55" classname="testCase.TestCaseForLogin"/>
  <testcase name="loginIntoApplication" time="3.206" classname="testCase.TestCaseForCreateMemberAcWithLogin"/>
  <testcase name="navigateToAccountPage" time="8.235" classname="testCase.TestCaseForCreateMemberAcWithLogin"/>
  <testcase name="enterBlankDataIntoMemberAc" time="1.883" classname="testCase.TestCaseForCreateMemberAcWithLogin"/>
  <testcase name="enterInvalidSsn" time="1.589" classname="testCase.TestCaseForCreateMemberAcWithLogin"/>
  <testcase name="enterInvalidDate" time="1.491" classname="testCase.TestCaseForCreateMemberAcWithLogin"/>
  <testcase name="enterInvalidEmail" time="1.451" classname="testCase.TestCaseForCreateMemberAcWithLogin"/>
  <testcase name="createAMemberAcWithValidData" time="7.276" classname="testCase.TestCaseForCreateMemberAcWithLogin"/>
  <testcase name="validLoginForNewAcCreate" time="8.706" classname="testCase.TestCaseForCreateIndiviualProviderAc"/>
  <testcase name="blankSubmit" time="2.92" classname="testCase.TestCaseForCreateIndiviualProviderAc"/>
  <testcase name="lastNameVerify" time="0.929" classname="testCase.TestCaseForCreateIndiviualProviderAc"/>
  <testcase name="EmailVerify" time="1.09" classname="testCase.TestCaseForCreateIndiviualProviderAc"/>
  <testcase name="createANewAcc" time="3.52" classname="testCase.TestCaseForCreateIndiviualProviderAc"/>
  <testcase name="validLoginForNewAcCreate" time="8.561" classname="testCase.TestCaseForCreateNonIndiviualProviderAc"/>
  <testcase name="blankSubmit" time="2.965" classname="testCase.TestCaseForCreateNonIndiviualProviderAc"/>
  <testcase name="validLoginForNewAcCreate" time="8.481" classname="testCase.TestCaseForCreateReferralSourceAc"/>
  <testcase name="blankSubmit" time="2.817" classname="testCase.TestCaseForCreateReferralSourceAc"/>
  <testcase name="accNameVerify" time="3.553" classname="testCase.TestCaseForCreateReferralSourceAc"/>
  <testcase name="phoneNumberVerify" time="7.028" classname="testCase.TestCaseForCreateReferralSourceAc"/>
  <testcase name="verifyEmail" time="6.437" classname="testCase.TestCaseForCreateReferralSourceAc"/>
</testsuite> <!-- Test1 -->
