<?xml version="1.0" encoding="UTF-8"?>
<!-- Generated by org.testng.reporters.JUnitXMLReporter -->
<testsuite hostname="01250LT2368" name="Test3" tests="27" failures="12" timestamp="26 Jan 2016 19:29:22 GMT" time="410.517" errors="0">
  <testcase name="verifyInvalidIDBlank" time="3.74" classname="testCase.TestCaseForLogin"/>
  <testcase name="verifyInvalidID" time="3.965" classname="testCase.TestCaseForLogin"/>
  <testcase name="verifyInvalidPassword" time="5.237" classname="testCase.TestCaseForLogin"/>
  <testcase name="validLogin" time="2.545" classname="testCase.TestCaseForLogin"/>
  <testcase name="verifyRemebarMeCheckBox" time="2.11" classname="testCase.TestCaseForLogin"/>
  <testcase name="logIn" time="7.091" classname="testCase.TestCaseForLogin"/>
  <testcase name="verifyTitle" time="0.294" classname="testCase.TestCaseForLogin"/>
  <testcase name="logout" time="11.376" classname="testCase.TestCaseForLogin"/>
  <testcase name="loginIntoApplication" time="14.131" classname="testCase.TestCaseForCreateMemberAcWithLogin"/>
  <testcase name="navigateToAccountPage" time="6.57" classname="testCase.TestCaseForCreateMemberAcWithLogin"/>
  <testcase name="enterBlankDataIntoMemberAc" time="2.363" classname="testCase.TestCaseForCreateMemberAcWithLogin"/>
  <testcase name="enterInvalidSsn" time="6.524" classname="testCase.TestCaseForCreateMemberAcWithLogin"/>
  <testcase name="enterInvalidDate" time="9.011" classname="testCase.TestCaseForCreateMemberAcWithLogin"/>
  <testcase name="enterInvalidEmail" time="8.524" classname="testCase.TestCaseForCreateMemberAcWithLogin"/>
  <testcase name="createAMemberAcWithValidData" time="11.42" classname="testCase.TestCaseForCreateMemberAcWithLogin"/>
  <testcase name="validLoginForNewAcCreate" time="4.331" classname="testCase.TestCaseForCreateIndiviualProviderAc">
    <failure type="org.openqa.selenium.InvalidSelectorException" message="The xpath expression &amp;apos;.//*[@id=&amp;apos;Account_Tab&amp;apos;]/a&amp;apos; cannot be evaluated or does notresult in a WebElement (WARNING: The server did not provide any stacktrace information)
Command duration or timeout: 1.03 seconds
For documentation on this error, please visit: http://seleniumhq.org/exceptions/invalid_selector_exception.html
Build info: version: &amp;apos;2.49.1&amp;apos;, revision: &amp;apos;b41a073&amp;apos;, time: &amp;apos;2016-01-21 17:32:24&amp;apos;
System info: host: &amp;apos;01250LT2368&amp;apos;, ip: &amp;apos;10.8.44.138&amp;apos;, os.name: &amp;apos;Windows 7&amp;apos;, os.arch: &amp;apos;x86&amp;apos;, os.version: &amp;apos;6.1&amp;apos;, java.version: &amp;apos;1.8.0_60&amp;apos;
Driver info: org.openqa.selenium.ie.InternetExplorerDriver
Capabilities [{browserAttachTimeout=0, enablePersistentHover=true, ie.forceCreateProcessApi=false, pageLoadStrategy=normal, ie.usePerProcessProxy=false, ignoreZoomSetting=false, handlesAlerts=true, version=11, platform=WINDOWS, nativeEvents=true, ie.ensureCleanSession=false, elementScrollBehavior=0, ie.browserCommandLineSwitches=, requireWindowFocus=false, browserName=internet explorer, initialBrowserUrl=http://localhost:1315/, takesScreenshot=true, javascriptEnabled=true, ignoreProtectedModeSettings=true, enableElementCacheCleanup=true, cssSelectorsEnabled=true, unexpectedAlertBehaviour=dismiss}]
Session ID: 9f903c6f-d99d-41a8-8368-102c48b947dc
*** Element info: {Using=xpath, value=.//*[@id=&amp;apos;Account_Tab&amp;apos;]/a}">
      <![CDATA[org.openqa.selenium.InvalidSelectorException: The xpath expression './/*[@id='Account_Tab']/a' cannot be evaluated or does notresult in a WebElement (WARNING: The server did not provide any stacktrace information)
Command duration or timeout: 1.03 seconds
For documentation on this error, please visit: http://seleniumhq.org/exceptions/invalid_selector_exception.html
Build info: version: '2.49.1', revision: 'b41a073', time: '2016-01-21 17:32:24'
System info: host: '01250LT2368', ip: '10.8.44.138', os.name: 'Windows 7', os.arch: 'x86', os.version: '6.1', java.version: '1.8.0_60'
Driver info: org.openqa.selenium.ie.InternetExplorerDriver
Capabilities [{browserAttachTimeout=0, enablePersistentHover=true, ie.forceCreateProcessApi=false, pageLoadStrategy=normal, ie.usePerProcessProxy=false, ignoreZoomSetting=false, handlesAlerts=true, version=11, platform=WINDOWS, nativeEvents=true, ie.ensureCleanSession=false, elementScrollBehavior=0, ie.browserCommandLineSwitches=, requireWindowFocus=false, browserName=internet explorer, initialBrowserUrl=http://localhost:1315/, takesScreenshot=true, javascriptEnabled=true, ignoreProtectedModeSettings=true, enableElementCacheCleanup=true, cssSelectorsEnabled=true, unexpectedAlertBehaviour=dismiss}]
Session ID: 9f903c6f-d99d-41a8-8368-102c48b947dc
*** Element info: {Using=xpath, value=.//*[@id='Account_Tab']/a}
	at org.openqa.selenium.remote.ErrorHandler.createThrowable(ErrorHandler.java:206)
	at org.openqa.selenium.remote.ErrorHandler.throwIfResponseFailed(ErrorHandler.java:158)
	at org.openqa.selenium.remote.RemoteWebDriver.execute(RemoteWebDriver.java:678)
	at org.openqa.selenium.remote.RemoteWebDriver.findElement(RemoteWebDriver.java:363)
	at org.openqa.selenium.remote.RemoteWebDriver.findElementByXPath(RemoteWebDriver.java:500)
	at org.openqa.selenium.By$ByXPath.findElement(By.java:361)
	at org.openqa.selenium.remote.RemoteWebDriver.findElement(RemoteWebDriver.java:355)
	at pageObject.NavigateToOtherPage.navigateToAccountCreatePage(NavigateToOtherPage.java:35)
	at testCase.TestCaseForCreateIndiviualProviderAc.validLoginForNewAcCreate(TestCaseForCreateIndiviualProviderAc.java:25)
... Removed 28 stack frames]]>
    </failure>
  </testcase> <!-- validLoginForNewAcCreate -->
  <testcase name="blankSubmit" time="30.295" classname="testCase.TestCaseForCreateIndiviualProviderAc">
    <failure type="org.openqa.selenium.NoSuchElementException" message="Unable to find element with xpath == .//*[@id=&amp;apos;topButtonRow&amp;apos;]/input[1] (WARNING: The server did not provide any stacktrace information)
Command duration or timeout: 30.27 seconds
For documentation on this error, please visit: http://seleniumhq.org/exceptions/no_such_element.html
Build info: version: &amp;apos;2.49.1&amp;apos;, revision: &amp;apos;b41a073&amp;apos;, time: &amp;apos;2016-01-21 17:32:24&amp;apos;
System info: host: &amp;apos;01250LT2368&amp;apos;, ip: &amp;apos;10.8.44.138&amp;apos;, os.name: &amp;apos;Windows 7&amp;apos;, os.arch: &amp;apos;x86&amp;apos;, os.version: &amp;apos;6.1&amp;apos;, java.version: &amp;apos;1.8.0_60&amp;apos;
Driver info: org.openqa.selenium.ie.InternetExplorerDriver
Capabilities [{browserAttachTimeout=0, enablePersistentHover=true, ie.forceCreateProcessApi=false, pageLoadStrategy=normal, ie.usePerProcessProxy=false, ignoreZoomSetting=false, handlesAlerts=true, version=11, platform=WINDOWS, nativeEvents=true, ie.ensureCleanSession=false, elementScrollBehavior=0, ie.browserCommandLineSwitches=, requireWindowFocus=false, browserName=internet explorer, initialBrowserUrl=http://localhost:1315/, takesScreenshot=true, javascriptEnabled=true, ignoreProtectedModeSettings=true, enableElementCacheCleanup=true, cssSelectorsEnabled=true, unexpectedAlertBehaviour=dismiss}]
Session ID: 9f903c6f-d99d-41a8-8368-102c48b947dc
*** Element info: {Using=xpath, value=.//*[@id=&amp;apos;topButtonRow&amp;apos;]/input[1]}">
      <![CDATA[org.openqa.selenium.NoSuchElementException: Unable to find element with xpath == .//*[@id='topButtonRow']/input[1] (WARNING: The server did not provide any stacktrace information)
Command duration or timeout: 30.27 seconds
For documentation on this error, please visit: http://seleniumhq.org/exceptions/no_such_element.html
Build info: version: '2.49.1', revision: 'b41a073', time: '2016-01-21 17:32:24'
System info: host: '01250LT2368', ip: '10.8.44.138', os.name: 'Windows 7', os.arch: 'x86', os.version: '6.1', java.version: '1.8.0_60'
Driver info: org.openqa.selenium.ie.InternetExplorerDriver
Capabilities [{browserAttachTimeout=0, enablePersistentHover=true, ie.forceCreateProcessApi=false, pageLoadStrategy=normal, ie.usePerProcessProxy=false, ignoreZoomSetting=false, handlesAlerts=true, version=11, platform=WINDOWS, nativeEvents=true, ie.ensureCleanSession=false, elementScrollBehavior=0, ie.browserCommandLineSwitches=, requireWindowFocus=false, browserName=internet explorer, initialBrowserUrl=http://localhost:1315/, takesScreenshot=true, javascriptEnabled=true, ignoreProtectedModeSettings=true, enableElementCacheCleanup=true, cssSelectorsEnabled=true, unexpectedAlertBehaviour=dismiss}]
Session ID: 9f903c6f-d99d-41a8-8368-102c48b947dc
*** Element info: {Using=xpath, value=.//*[@id='topButtonRow']/input[1]}
	at org.openqa.selenium.remote.ErrorHandler.createThrowable(ErrorHandler.java:206)
	at org.openqa.selenium.remote.ErrorHandler.throwIfResponseFailed(ErrorHandler.java:158)
	at org.openqa.selenium.remote.RemoteWebDriver.execute(RemoteWebDriver.java:678)
	at org.openqa.selenium.remote.RemoteWebDriver.findElement(RemoteWebDriver.java:363)
	at org.openqa.selenium.remote.RemoteWebDriver.findElementByXPath(RemoteWebDriver.java:500)
	at org.openqa.selenium.By$ByXPath.findElement(By.java:361)
	at org.openqa.selenium.remote.RemoteWebDriver.findElement(RemoteWebDriver.java:355)
	at pageObject.CreateIndividualProviderAccount.clickSaveButton(CreateIndividualProviderAccount.java:73)
	at testCase.TestCaseForCreateIndiviualProviderAc.blankSubmit(TestCaseForCreateIndiviualProviderAc.java:38)
... Removed 28 stack frames]]>
    </failure>
  </testcase> <!-- blankSubmit -->
  <testcase name="lastNameVerify" time="30.368" classname="testCase.TestCaseForCreateIndiviualProviderAc">
    <failure type="org.openqa.selenium.NoSuchElementException" message="Unable to find element with id == 00NF000000ColTt (WARNING: The server did not provide any stacktrace information)
Command duration or timeout: 30.34 seconds
For documentation on this error, please visit: http://seleniumhq.org/exceptions/no_such_element.html
Build info: version: &amp;apos;2.49.1&amp;apos;, revision: &amp;apos;b41a073&amp;apos;, time: &amp;apos;2016-01-21 17:32:24&amp;apos;
System info: host: &amp;apos;01250LT2368&amp;apos;, ip: &amp;apos;10.8.44.138&amp;apos;, os.name: &amp;apos;Windows 7&amp;apos;, os.arch: &amp;apos;x86&amp;apos;, os.version: &amp;apos;6.1&amp;apos;, java.version: &amp;apos;1.8.0_60&amp;apos;
Driver info: org.openqa.selenium.ie.InternetExplorerDriver
Capabilities [{browserAttachTimeout=0, enablePersistentHover=true, ie.forceCreateProcessApi=false, pageLoadStrategy=normal, ie.usePerProcessProxy=false, ignoreZoomSetting=false, handlesAlerts=true, version=11, platform=WINDOWS, nativeEvents=true, ie.ensureCleanSession=false, elementScrollBehavior=0, ie.browserCommandLineSwitches=, requireWindowFocus=false, browserName=internet explorer, initialBrowserUrl=http://localhost:1315/, takesScreenshot=true, javascriptEnabled=true, ignoreProtectedModeSettings=true, enableElementCacheCleanup=true, cssSelectorsEnabled=true, unexpectedAlertBehaviour=dismiss}]
Session ID: 9f903c6f-d99d-41a8-8368-102c48b947dc
*** Element info: {Using=id, value=00NF000000ColTt}">
      <![CDATA[org.openqa.selenium.NoSuchElementException: Unable to find element with id == 00NF000000ColTt (WARNING: The server did not provide any stacktrace information)
Command duration or timeout: 30.34 seconds
For documentation on this error, please visit: http://seleniumhq.org/exceptions/no_such_element.html
Build info: version: '2.49.1', revision: 'b41a073', time: '2016-01-21 17:32:24'
System info: host: '01250LT2368', ip: '10.8.44.138', os.name: 'Windows 7', os.arch: 'x86', os.version: '6.1', java.version: '1.8.0_60'
Driver info: org.openqa.selenium.ie.InternetExplorerDriver
Capabilities [{browserAttachTimeout=0, enablePersistentHover=true, ie.forceCreateProcessApi=false, pageLoadStrategy=normal, ie.usePerProcessProxy=false, ignoreZoomSetting=false, handlesAlerts=true, version=11, platform=WINDOWS, nativeEvents=true, ie.ensureCleanSession=false, elementScrollBehavior=0, ie.browserCommandLineSwitches=, requireWindowFocus=false, browserName=internet explorer, initialBrowserUrl=http://localhost:1315/, takesScreenshot=true, javascriptEnabled=true, ignoreProtectedModeSettings=true, enableElementCacheCleanup=true, cssSelectorsEnabled=true, unexpectedAlertBehaviour=dismiss}]
Session ID: 9f903c6f-d99d-41a8-8368-102c48b947dc
*** Element info: {Using=id, value=00NF000000ColTt}
	at org.openqa.selenium.remote.ErrorHandler.createThrowable(ErrorHandler.java:206)
	at org.openqa.selenium.remote.ErrorHandler.throwIfResponseFailed(ErrorHandler.java:158)
	at org.openqa.selenium.remote.RemoteWebDriver.execute(RemoteWebDriver.java:678)
	at org.openqa.selenium.remote.RemoteWebDriver.findElement(RemoteWebDriver.java:363)
	at org.openqa.selenium.remote.RemoteWebDriver.findElementById(RemoteWebDriver.java:413)
	at org.openqa.selenium.By$ById.findElement(By.java:218)
	at org.openqa.selenium.remote.RemoteWebDriver.findElement(RemoteWebDriver.java:355)
	at pageObject.CreateIndividualProviderAccount.enterTxtOnFirstName(CreateIndividualProviderAccount.java:109)
	at testCase.TestCaseForCreateIndiviualProviderAc.lastNameVerify(TestCaseForCreateIndiviualProviderAc.java:57)
... Removed 28 stack frames]]>
    </failure>
  </testcase> <!-- lastNameVerify -->
  <testcase name="EmailVerify" time="30.135" classname="testCase.TestCaseForCreateIndiviualProviderAc">
    <failure type="org.openqa.selenium.NoSuchElementException" message="Unable to find element with id == 00NF000000ColTt (WARNING: The server did not provide any stacktrace information)
Command duration or timeout: 30.12 seconds
For documentation on this error, please visit: http://seleniumhq.org/exceptions/no_such_element.html
Build info: version: &amp;apos;2.49.1&amp;apos;, revision: &amp;apos;b41a073&amp;apos;, time: &amp;apos;2016-01-21 17:32:24&amp;apos;
System info: host: &amp;apos;01250LT2368&amp;apos;, ip: &amp;apos;10.8.44.138&amp;apos;, os.name: &amp;apos;Windows 7&amp;apos;, os.arch: &amp;apos;x86&amp;apos;, os.version: &amp;apos;6.1&amp;apos;, java.version: &amp;apos;1.8.0_60&amp;apos;
Driver info: org.openqa.selenium.ie.InternetExplorerDriver
Capabilities [{browserAttachTimeout=0, enablePersistentHover=true, ie.forceCreateProcessApi=false, pageLoadStrategy=normal, ie.usePerProcessProxy=false, ignoreZoomSetting=false, handlesAlerts=true, version=11, platform=WINDOWS, nativeEvents=true, ie.ensureCleanSession=false, elementScrollBehavior=0, ie.browserCommandLineSwitches=, requireWindowFocus=false, browserName=internet explorer, initialBrowserUrl=http://localhost:1315/, takesScreenshot=true, javascriptEnabled=true, ignoreProtectedModeSettings=true, enableElementCacheCleanup=true, cssSelectorsEnabled=true, unexpectedAlertBehaviour=dismiss}]
Session ID: 9f903c6f-d99d-41a8-8368-102c48b947dc
*** Element info: {Using=id, value=00NF000000ColTt}">
      <![CDATA[org.openqa.selenium.NoSuchElementException: Unable to find element with id == 00NF000000ColTt (WARNING: The server did not provide any stacktrace information)
Command duration or timeout: 30.12 seconds
For documentation on this error, please visit: http://seleniumhq.org/exceptions/no_such_element.html
Build info: version: '2.49.1', revision: 'b41a073', time: '2016-01-21 17:32:24'
System info: host: '01250LT2368', ip: '10.8.44.138', os.name: 'Windows 7', os.arch: 'x86', os.version: '6.1', java.version: '1.8.0_60'
Driver info: org.openqa.selenium.ie.InternetExplorerDriver
Capabilities [{browserAttachTimeout=0, enablePersistentHover=true, ie.forceCreateProcessApi=false, pageLoadStrategy=normal, ie.usePerProcessProxy=false, ignoreZoomSetting=false, handlesAlerts=true, version=11, platform=WINDOWS, nativeEvents=true, ie.ensureCleanSession=false, elementScrollBehavior=0, ie.browserCommandLineSwitches=, requireWindowFocus=false, browserName=internet explorer, initialBrowserUrl=http://localhost:1315/, takesScreenshot=true, javascriptEnabled=true, ignoreProtectedModeSettings=true, enableElementCacheCleanup=true, cssSelectorsEnabled=true, unexpectedAlertBehaviour=dismiss}]
Session ID: 9f903c6f-d99d-41a8-8368-102c48b947dc
*** Element info: {Using=id, value=00NF000000ColTt}
	at org.openqa.selenium.remote.ErrorHandler.createThrowable(ErrorHandler.java:206)
	at org.openqa.selenium.remote.ErrorHandler.throwIfResponseFailed(ErrorHandler.java:158)
	at org.openqa.selenium.remote.RemoteWebDriver.execute(RemoteWebDriver.java:678)
	at org.openqa.selenium.remote.RemoteWebDriver.findElement(RemoteWebDriver.java:363)
	at org.openqa.selenium.remote.RemoteWebDriver.findElementById(RemoteWebDriver.java:413)
	at org.openqa.selenium.By$ById.findElement(By.java:218)
	at org.openqa.selenium.remote.RemoteWebDriver.findElement(RemoteWebDriver.java:355)
	at pageObject.CreateIndividualProviderAccount.clearTextAllBox(CreateIndividualProviderAccount.java:305)
	at testCase.TestCaseForCreateIndiviualProviderAc.EmailVerify(TestCaseForCreateIndiviualProviderAc.java:80)
... Removed 28 stack frames]]>
    </failure>
  </testcase> <!-- EmailVerify -->
  <testcase name="createANewAcc" time="30.14" classname="testCase.TestCaseForCreateIndiviualProviderAc">
    <failure type="org.openqa.selenium.NoSuchElementException" message="Unable to find element with id == 00NF000000ColTt (WARNING: The server did not provide any stacktrace information)
Command duration or timeout: 30.11 seconds
For documentation on this error, please visit: http://seleniumhq.org/exceptions/no_such_element.html
Build info: version: &amp;apos;2.49.1&amp;apos;, revision: &amp;apos;b41a073&amp;apos;, time: &amp;apos;2016-01-21 17:32:24&amp;apos;
System info: host: &amp;apos;01250LT2368&amp;apos;, ip: &amp;apos;10.8.44.138&amp;apos;, os.name: &amp;apos;Windows 7&amp;apos;, os.arch: &amp;apos;x86&amp;apos;, os.version: &amp;apos;6.1&amp;apos;, java.version: &amp;apos;1.8.0_60&amp;apos;
Driver info: org.openqa.selenium.ie.InternetExplorerDriver
Capabilities [{browserAttachTimeout=0, enablePersistentHover=true, ie.forceCreateProcessApi=false, pageLoadStrategy=normal, ie.usePerProcessProxy=false, ignoreZoomSetting=false, handlesAlerts=true, version=11, platform=WINDOWS, nativeEvents=true, ie.ensureCleanSession=false, elementScrollBehavior=0, ie.browserCommandLineSwitches=, requireWindowFocus=false, browserName=internet explorer, initialBrowserUrl=http://localhost:1315/, takesScreenshot=true, javascriptEnabled=true, ignoreProtectedModeSettings=true, enableElementCacheCleanup=true, cssSelectorsEnabled=true, unexpectedAlertBehaviour=dismiss}]
Session ID: 9f903c6f-d99d-41a8-8368-102c48b947dc
*** Element info: {Using=id, value=00NF000000ColTt}">
      <![CDATA[org.openqa.selenium.NoSuchElementException: Unable to find element with id == 00NF000000ColTt (WARNING: The server did not provide any stacktrace information)
Command duration or timeout: 30.11 seconds
For documentation on this error, please visit: http://seleniumhq.org/exceptions/no_such_element.html
Build info: version: '2.49.1', revision: 'b41a073', time: '2016-01-21 17:32:24'
System info: host: '01250LT2368', ip: '10.8.44.138', os.name: 'Windows 7', os.arch: 'x86', os.version: '6.1', java.version: '1.8.0_60'
Driver info: org.openqa.selenium.ie.InternetExplorerDriver
Capabilities [{browserAttachTimeout=0, enablePersistentHover=true, ie.forceCreateProcessApi=false, pageLoadStrategy=normal, ie.usePerProcessProxy=false, ignoreZoomSetting=false, handlesAlerts=true, version=11, platform=WINDOWS, nativeEvents=true, ie.ensureCleanSession=false, elementScrollBehavior=0, ie.browserCommandLineSwitches=, requireWindowFocus=false, browserName=internet explorer, initialBrowserUrl=http://localhost:1315/, takesScreenshot=true, javascriptEnabled=true, ignoreProtectedModeSettings=true, enableElementCacheCleanup=true, cssSelectorsEnabled=true, unexpectedAlertBehaviour=dismiss}]
Session ID: 9f903c6f-d99d-41a8-8368-102c48b947dc
*** Element info: {Using=id, value=00NF000000ColTt}
	at org.openqa.selenium.remote.ErrorHandler.createThrowable(ErrorHandler.java:206)
	at org.openqa.selenium.remote.ErrorHandler.throwIfResponseFailed(ErrorHandler.java:158)
	at org.openqa.selenium.remote.RemoteWebDriver.execute(RemoteWebDriver.java:678)
	at org.openqa.selenium.remote.RemoteWebDriver.findElement(RemoteWebDriver.java:363)
	at org.openqa.selenium.remote.RemoteWebDriver.findElementById(RemoteWebDriver.java:413)
	at org.openqa.selenium.By$ById.findElement(By.java:218)
	at org.openqa.selenium.remote.RemoteWebDriver.findElement(RemoteWebDriver.java:355)
	at pageObject.CreateIndividualProviderAccount.clearTextAllBox(CreateIndividualProviderAccount.java:305)
	at testCase.TestCaseForCreateIndiviualProviderAc.createANewAcc(TestCaseForCreateIndiviualProviderAc.java:106)
... Removed 28 stack frames]]>
    </failure>
  </testcase> <!-- createANewAcc -->
  <testcase name="validLoginForNewAcCreate" time="3.984" classname="testCase.TestCaseForCreateNonIndiviualProviderAc">
    <failure type="org.openqa.selenium.InvalidSelectorException" message="The xpath expression &amp;apos;.//*[@id=&amp;apos;Account_Tab&amp;apos;]/a&amp;apos; cannot be evaluated or does notresult in a WebElement (WARNING: The server did not provide any stacktrace information)
Command duration or timeout: 1.60 seconds
For documentation on this error, please visit: http://seleniumhq.org/exceptions/invalid_selector_exception.html
Build info: version: &amp;apos;2.49.1&amp;apos;, revision: &amp;apos;b41a073&amp;apos;, time: &amp;apos;2016-01-21 17:32:24&amp;apos;
System info: host: &amp;apos;01250LT2368&amp;apos;, ip: &amp;apos;10.8.44.138&amp;apos;, os.name: &amp;apos;Windows 7&amp;apos;, os.arch: &amp;apos;x86&amp;apos;, os.version: &amp;apos;6.1&amp;apos;, java.version: &amp;apos;1.8.0_60&amp;apos;
Driver info: org.openqa.selenium.ie.InternetExplorerDriver
Capabilities [{browserAttachTimeout=0, enablePersistentHover=true, ie.forceCreateProcessApi=false, pageLoadStrategy=normal, ie.usePerProcessProxy=false, ignoreZoomSetting=false, handlesAlerts=true, version=11, platform=WINDOWS, nativeEvents=true, ie.ensureCleanSession=false, elementScrollBehavior=0, ie.browserCommandLineSwitches=, requireWindowFocus=false, browserName=internet explorer, initialBrowserUrl=http://localhost:1315/, takesScreenshot=true, javascriptEnabled=true, ignoreProtectedModeSettings=true, enableElementCacheCleanup=true, cssSelectorsEnabled=true, unexpectedAlertBehaviour=dismiss}]
Session ID: 9f903c6f-d99d-41a8-8368-102c48b947dc
*** Element info: {Using=xpath, value=.//*[@id=&amp;apos;Account_Tab&amp;apos;]/a}">
      <![CDATA[org.openqa.selenium.InvalidSelectorException: The xpath expression './/*[@id='Account_Tab']/a' cannot be evaluated or does notresult in a WebElement (WARNING: The server did not provide any stacktrace information)
Command duration or timeout: 1.60 seconds
For documentation on this error, please visit: http://seleniumhq.org/exceptions/invalid_selector_exception.html
Build info: version: '2.49.1', revision: 'b41a073', time: '2016-01-21 17:32:24'
System info: host: '01250LT2368', ip: '10.8.44.138', os.name: 'Windows 7', os.arch: 'x86', os.version: '6.1', java.version: '1.8.0_60'
Driver info: org.openqa.selenium.ie.InternetExplorerDriver
Capabilities [{browserAttachTimeout=0, enablePersistentHover=true, ie.forceCreateProcessApi=false, pageLoadStrategy=normal, ie.usePerProcessProxy=false, ignoreZoomSetting=false, handlesAlerts=true, version=11, platform=WINDOWS, nativeEvents=true, ie.ensureCleanSession=false, elementScrollBehavior=0, ie.browserCommandLineSwitches=, requireWindowFocus=false, browserName=internet explorer, initialBrowserUrl=http://localhost:1315/, takesScreenshot=true, javascriptEnabled=true, ignoreProtectedModeSettings=true, enableElementCacheCleanup=true, cssSelectorsEnabled=true, unexpectedAlertBehaviour=dismiss}]
Session ID: 9f903c6f-d99d-41a8-8368-102c48b947dc
*** Element info: {Using=xpath, value=.//*[@id='Account_Tab']/a}
	at org.openqa.selenium.remote.ErrorHandler.createThrowable(ErrorHandler.java:206)
	at org.openqa.selenium.remote.ErrorHandler.throwIfResponseFailed(ErrorHandler.java:158)
	at org.openqa.selenium.remote.RemoteWebDriver.execute(RemoteWebDriver.java:678)
	at org.openqa.selenium.remote.RemoteWebDriver.findElement(RemoteWebDriver.java:363)
	at org.openqa.selenium.remote.RemoteWebDriver.findElementByXPath(RemoteWebDriver.java:500)
	at org.openqa.selenium.By$ByXPath.findElement(By.java:361)
	at org.openqa.selenium.remote.RemoteWebDriver.findElement(RemoteWebDriver.java:355)
	at pageObject.NavigateToOtherPage.navigateToAccountCreatePage(NavigateToOtherPage.java:35)
	at testCase.TestCaseForCreateNonIndiviualProviderAc.validLoginForNewAcCreate(TestCaseForCreateNonIndiviualProviderAc.java:20)
... Removed 28 stack frames]]>
    </failure>
  </testcase> <!-- validLoginForNewAcCreate -->
  <testcase name="blankSubmit" time="23.37" classname="testCase.TestCaseForCreateNonIndiviualProviderAc">
    <failure type="org.openqa.selenium.InvalidSelectorException" message="The xpath expression &amp;apos;.//*[@id=&amp;apos;topButtonRow&amp;apos;]/input[1]&amp;apos; cannot be evaluated or does notresult in a WebElement (WARNING: The server did not provide any stacktrace information)
Command duration or timeout: 23.35 seconds
For documentation on this error, please visit: http://seleniumhq.org/exceptions/invalid_selector_exception.html
Build info: version: &amp;apos;2.49.1&amp;apos;, revision: &amp;apos;b41a073&amp;apos;, time: &amp;apos;2016-01-21 17:32:24&amp;apos;
System info: host: &amp;apos;01250LT2368&amp;apos;, ip: &amp;apos;10.8.44.138&amp;apos;, os.name: &amp;apos;Windows 7&amp;apos;, os.arch: &amp;apos;x86&amp;apos;, os.version: &amp;apos;6.1&amp;apos;, java.version: &amp;apos;1.8.0_60&amp;apos;
Driver info: org.openqa.selenium.ie.InternetExplorerDriver
Capabilities [{browserAttachTimeout=0, enablePersistentHover=true, ie.forceCreateProcessApi=false, pageLoadStrategy=normal, ie.usePerProcessProxy=false, ignoreZoomSetting=false, handlesAlerts=true, version=11, platform=WINDOWS, nativeEvents=true, ie.ensureCleanSession=false, elementScrollBehavior=0, ie.browserCommandLineSwitches=, requireWindowFocus=false, browserName=internet explorer, initialBrowserUrl=http://localhost:1315/, takesScreenshot=true, javascriptEnabled=true, ignoreProtectedModeSettings=true, enableElementCacheCleanup=true, cssSelectorsEnabled=true, unexpectedAlertBehaviour=dismiss}]
Session ID: 9f903c6f-d99d-41a8-8368-102c48b947dc
*** Element info: {Using=xpath, value=.//*[@id=&amp;apos;topButtonRow&amp;apos;]/input[1]}">
      <![CDATA[org.openqa.selenium.InvalidSelectorException: The xpath expression './/*[@id='topButtonRow']/input[1]' cannot be evaluated or does notresult in a WebElement (WARNING: The server did not provide any stacktrace information)
Command duration or timeout: 23.35 seconds
For documentation on this error, please visit: http://seleniumhq.org/exceptions/invalid_selector_exception.html
Build info: version: '2.49.1', revision: 'b41a073', time: '2016-01-21 17:32:24'
System info: host: '01250LT2368', ip: '10.8.44.138', os.name: 'Windows 7', os.arch: 'x86', os.version: '6.1', java.version: '1.8.0_60'
Driver info: org.openqa.selenium.ie.InternetExplorerDriver
Capabilities [{browserAttachTimeout=0, enablePersistentHover=true, ie.forceCreateProcessApi=false, pageLoadStrategy=normal, ie.usePerProcessProxy=false, ignoreZoomSetting=false, handlesAlerts=true, version=11, platform=WINDOWS, nativeEvents=true, ie.ensureCleanSession=false, elementScrollBehavior=0, ie.browserCommandLineSwitches=, requireWindowFocus=false, browserName=internet explorer, initialBrowserUrl=http://localhost:1315/, takesScreenshot=true, javascriptEnabled=true, ignoreProtectedModeSettings=true, enableElementCacheCleanup=true, cssSelectorsEnabled=true, unexpectedAlertBehaviour=dismiss}]
Session ID: 9f903c6f-d99d-41a8-8368-102c48b947dc
*** Element info: {Using=xpath, value=.//*[@id='topButtonRow']/input[1]}
	at org.openqa.selenium.remote.ErrorHandler.createThrowable(ErrorHandler.java:206)
	at org.openqa.selenium.remote.ErrorHandler.throwIfResponseFailed(ErrorHandler.java:158)
	at org.openqa.selenium.remote.RemoteWebDriver.execute(RemoteWebDriver.java:678)
	at org.openqa.selenium.remote.RemoteWebDriver.findElement(RemoteWebDriver.java:363)
	at org.openqa.selenium.remote.RemoteWebDriver.findElementByXPath(RemoteWebDriver.java:500)
	at org.openqa.selenium.By$ByXPath.findElement(By.java:361)
	at org.openqa.selenium.remote.RemoteWebDriver.findElement(RemoteWebDriver.java:355)
	at pageObject.CreateNonIndividualProvider.clickSaveButton(CreateNonIndividualProvider.java:75)
	at testCase.TestCaseForCreateNonIndiviualProviderAc.blankSubmit(TestCaseForCreateNonIndiviualProviderAc.java:34)
... Removed 28 stack frames]]>
    </failure>
  </testcase> <!-- blankSubmit -->
  <testcase name="validLoginForNewAcCreate" time="30.086" classname="testCase.TestCaseForCreateReferralSourceAc">
    <failure type="org.openqa.selenium.NoSuchElementException" message="Unable to find element with id == username (WARNING: The server did not provide any stacktrace information)
Command duration or timeout: 30.07 seconds
For documentation on this error, please visit: http://seleniumhq.org/exceptions/no_such_element.html
Build info: version: &amp;apos;2.49.1&amp;apos;, revision: &amp;apos;b41a073&amp;apos;, time: &amp;apos;2016-01-21 17:32:24&amp;apos;
System info: host: &amp;apos;01250LT2368&amp;apos;, ip: &amp;apos;10.8.44.138&amp;apos;, os.name: &amp;apos;Windows 7&amp;apos;, os.arch: &amp;apos;x86&amp;apos;, os.version: &amp;apos;6.1&amp;apos;, java.version: &amp;apos;1.8.0_60&amp;apos;
Driver info: org.openqa.selenium.ie.InternetExplorerDriver
Capabilities [{browserAttachTimeout=0, enablePersistentHover=true, ie.forceCreateProcessApi=false, pageLoadStrategy=normal, ie.usePerProcessProxy=false, ignoreZoomSetting=false, handlesAlerts=true, version=11, platform=WINDOWS, nativeEvents=true, ie.ensureCleanSession=false, elementScrollBehavior=0, ie.browserCommandLineSwitches=, requireWindowFocus=false, browserName=internet explorer, initialBrowserUrl=http://localhost:1315/, takesScreenshot=true, javascriptEnabled=true, ignoreProtectedModeSettings=true, enableElementCacheCleanup=true, cssSelectorsEnabled=true, unexpectedAlertBehaviour=dismiss}]
Session ID: 9f903c6f-d99d-41a8-8368-102c48b947dc
*** Element info: {Using=id, value=username}">
      <![CDATA[org.openqa.selenium.NoSuchElementException: Unable to find element with id == username (WARNING: The server did not provide any stacktrace information)
Command duration or timeout: 30.07 seconds
For documentation on this error, please visit: http://seleniumhq.org/exceptions/no_such_element.html
Build info: version: '2.49.1', revision: 'b41a073', time: '2016-01-21 17:32:24'
System info: host: '01250LT2368', ip: '10.8.44.138', os.name: 'Windows 7', os.arch: 'x86', os.version: '6.1', java.version: '1.8.0_60'
Driver info: org.openqa.selenium.ie.InternetExplorerDriver
Capabilities [{browserAttachTimeout=0, enablePersistentHover=true, ie.forceCreateProcessApi=false, pageLoadStrategy=normal, ie.usePerProcessProxy=false, ignoreZoomSetting=false, handlesAlerts=true, version=11, platform=WINDOWS, nativeEvents=true, ie.ensureCleanSession=false, elementScrollBehavior=0, ie.browserCommandLineSwitches=, requireWindowFocus=false, browserName=internet explorer, initialBrowserUrl=http://localhost:1315/, takesScreenshot=true, javascriptEnabled=true, ignoreProtectedModeSettings=true, enableElementCacheCleanup=true, cssSelectorsEnabled=true, unexpectedAlertBehaviour=dismiss}]
Session ID: 9f903c6f-d99d-41a8-8368-102c48b947dc
*** Element info: {Using=id, value=username}
	at org.openqa.selenium.remote.ErrorHandler.createThrowable(ErrorHandler.java:206)
	at org.openqa.selenium.remote.ErrorHandler.throwIfResponseFailed(ErrorHandler.java:158)
	at org.openqa.selenium.remote.RemoteWebDriver.execute(RemoteWebDriver.java:678)
	at org.openqa.selenium.remote.RemoteWebDriver.findElement(RemoteWebDriver.java:363)
	at org.openqa.selenium.remote.RemoteWebDriver.findElementById(RemoteWebDriver.java:413)
	at org.openqa.selenium.By$ById.findElement(By.java:218)
	at org.openqa.selenium.remote.RemoteWebDriver.findElement(RemoteWebDriver.java:355)
	at utilities.AllMethod.useSendkeys(AllMethod.java:53)
	at utilities.AllMethod.validLogin(AllMethod.java:38)
	at testCase.TestCaseForCreateReferralSourceAc.validLoginForNewAcCreate(TestCaseForCreateReferralSourceAc.java:23)
... Removed 28 stack frames]]>
    </failure>
  </testcase> <!-- validLoginForNewAcCreate -->
  <testcase name="blankSubmit" time="30.292" classname="testCase.TestCaseForCreateReferralSourceAc">
    <failure type="org.openqa.selenium.NoSuchElementException" message="Unable to find element with xpath == .//*[@id=&amp;apos;topButtonRow&amp;apos;]/input[1] (WARNING: The server did not provide any stacktrace information)
Command duration or timeout: 30.27 seconds
For documentation on this error, please visit: http://seleniumhq.org/exceptions/no_such_element.html
Build info: version: &amp;apos;2.49.1&amp;apos;, revision: &amp;apos;b41a073&amp;apos;, time: &amp;apos;2016-01-21 17:32:24&amp;apos;
System info: host: &amp;apos;01250LT2368&amp;apos;, ip: &amp;apos;10.8.44.138&amp;apos;, os.name: &amp;apos;Windows 7&amp;apos;, os.arch: &amp;apos;x86&amp;apos;, os.version: &amp;apos;6.1&amp;apos;, java.version: &amp;apos;1.8.0_60&amp;apos;
Driver info: org.openqa.selenium.ie.InternetExplorerDriver
Capabilities [{browserAttachTimeout=0, enablePersistentHover=true, ie.forceCreateProcessApi=false, pageLoadStrategy=normal, ie.usePerProcessProxy=false, ignoreZoomSetting=false, handlesAlerts=true, version=11, platform=WINDOWS, nativeEvents=true, ie.ensureCleanSession=false, elementScrollBehavior=0, ie.browserCommandLineSwitches=, requireWindowFocus=false, browserName=internet explorer, initialBrowserUrl=http://localhost:1315/, takesScreenshot=true, javascriptEnabled=true, ignoreProtectedModeSettings=true, enableElementCacheCleanup=true, cssSelectorsEnabled=true, unexpectedAlertBehaviour=dismiss}]
Session ID: 9f903c6f-d99d-41a8-8368-102c48b947dc
*** Element info: {Using=xpath, value=.//*[@id=&amp;apos;topButtonRow&amp;apos;]/input[1]}">
      <![CDATA[org.openqa.selenium.NoSuchElementException: Unable to find element with xpath == .//*[@id='topButtonRow']/input[1] (WARNING: The server did not provide any stacktrace information)
Command duration or timeout: 30.27 seconds
For documentation on this error, please visit: http://seleniumhq.org/exceptions/no_such_element.html
Build info: version: '2.49.1', revision: 'b41a073', time: '2016-01-21 17:32:24'
System info: host: '01250LT2368', ip: '10.8.44.138', os.name: 'Windows 7', os.arch: 'x86', os.version: '6.1', java.version: '1.8.0_60'
Driver info: org.openqa.selenium.ie.InternetExplorerDriver
Capabilities [{browserAttachTimeout=0, enablePersistentHover=true, ie.forceCreateProcessApi=false, pageLoadStrategy=normal, ie.usePerProcessProxy=false, ignoreZoomSetting=false, handlesAlerts=true, version=11, platform=WINDOWS, nativeEvents=true, ie.ensureCleanSession=false, elementScrollBehavior=0, ie.browserCommandLineSwitches=, requireWindowFocus=false, browserName=internet explorer, initialBrowserUrl=http://localhost:1315/, takesScreenshot=true, javascriptEnabled=true, ignoreProtectedModeSettings=true, enableElementCacheCleanup=true, cssSelectorsEnabled=true, unexpectedAlertBehaviour=dismiss}]
Session ID: 9f903c6f-d99d-41a8-8368-102c48b947dc
*** Element info: {Using=xpath, value=.//*[@id='topButtonRow']/input[1]}
	at org.openqa.selenium.remote.ErrorHandler.createThrowable(ErrorHandler.java:206)
	at org.openqa.selenium.remote.ErrorHandler.throwIfResponseFailed(ErrorHandler.java:158)
	at org.openqa.selenium.remote.RemoteWebDriver.execute(RemoteWebDriver.java:678)
	at org.openqa.selenium.remote.RemoteWebDriver.findElement(RemoteWebDriver.java:363)
	at org.openqa.selenium.remote.RemoteWebDriver.findElementByXPath(RemoteWebDriver.java:500)
	at org.openqa.selenium.By$ByXPath.findElement(By.java:361)
	at org.openqa.selenium.remote.RemoteWebDriver.findElement(RemoteWebDriver.java:355)
	at pageObject.CreateReferralSourceAccount.clickSaveButton(CreateReferralSourceAccount.java:67)
	at testCase.TestCaseForCreateReferralSourceAc.blankSubmit(TestCaseForCreateReferralSourceAc.java:41)
... Removed 28 stack frames]]>
    </failure>
  </testcase> <!-- blankSubmit -->
  <testcase name="accNameVerify" time="30.287" classname="testCase.TestCaseForCreateReferralSourceAc">
    <failure type="org.openqa.selenium.NoSuchElementException" message="Unable to find element with id == acc2 (WARNING: The server did not provide any stacktrace information)
Command duration or timeout: 30.28 seconds
For documentation on this error, please visit: http://seleniumhq.org/exceptions/no_such_element.html
Build info: version: &amp;apos;2.49.1&amp;apos;, revision: &amp;apos;b41a073&amp;apos;, time: &amp;apos;2016-01-21 17:32:24&amp;apos;
System info: host: &amp;apos;01250LT2368&amp;apos;, ip: &amp;apos;10.8.44.138&amp;apos;, os.name: &amp;apos;Windows 7&amp;apos;, os.arch: &amp;apos;x86&amp;apos;, os.version: &amp;apos;6.1&amp;apos;, java.version: &amp;apos;1.8.0_60&amp;apos;
Driver info: org.openqa.selenium.ie.InternetExplorerDriver
Capabilities [{browserAttachTimeout=0, enablePersistentHover=true, ie.forceCreateProcessApi=false, pageLoadStrategy=normal, ie.usePerProcessProxy=false, ignoreZoomSetting=false, handlesAlerts=true, version=11, platform=WINDOWS, nativeEvents=true, ie.ensureCleanSession=false, elementScrollBehavior=0, ie.browserCommandLineSwitches=, requireWindowFocus=false, browserName=internet explorer, initialBrowserUrl=http://localhost:1315/, takesScreenshot=true, javascriptEnabled=true, ignoreProtectedModeSettings=true, enableElementCacheCleanup=true, cssSelectorsEnabled=true, unexpectedAlertBehaviour=dismiss}]
Session ID: 9f903c6f-d99d-41a8-8368-102c48b947dc
*** Element info: {Using=id, value=acc2}">
      <![CDATA[org.openqa.selenium.NoSuchElementException: Unable to find element with id == acc2 (WARNING: The server did not provide any stacktrace information)
Command duration or timeout: 30.28 seconds
For documentation on this error, please visit: http://seleniumhq.org/exceptions/no_such_element.html
Build info: version: '2.49.1', revision: 'b41a073', time: '2016-01-21 17:32:24'
System info: host: '01250LT2368', ip: '10.8.44.138', os.name: 'Windows 7', os.arch: 'x86', os.version: '6.1', java.version: '1.8.0_60'
Driver info: org.openqa.selenium.ie.InternetExplorerDriver
Capabilities [{browserAttachTimeout=0, enablePersistentHover=true, ie.forceCreateProcessApi=false, pageLoadStrategy=normal, ie.usePerProcessProxy=false, ignoreZoomSetting=false, handlesAlerts=true, version=11, platform=WINDOWS, nativeEvents=true, ie.ensureCleanSession=false, elementScrollBehavior=0, ie.browserCommandLineSwitches=, requireWindowFocus=false, browserName=internet explorer, initialBrowserUrl=http://localhost:1315/, takesScreenshot=true, javascriptEnabled=true, ignoreProtectedModeSettings=true, enableElementCacheCleanup=true, cssSelectorsEnabled=true, unexpectedAlertBehaviour=dismiss}]
Session ID: 9f903c6f-d99d-41a8-8368-102c48b947dc
*** Element info: {Using=id, value=acc2}
	at org.openqa.selenium.remote.ErrorHandler.createThrowable(ErrorHandler.java:206)
	at org.openqa.selenium.remote.ErrorHandler.throwIfResponseFailed(ErrorHandler.java:158)
	at org.openqa.selenium.remote.RemoteWebDriver.execute(RemoteWebDriver.java:678)
	at org.openqa.selenium.remote.RemoteWebDriver.findElement(RemoteWebDriver.java:363)
	at org.openqa.selenium.remote.RemoteWebDriver.findElementById(RemoteWebDriver.java:413)
	at org.openqa.selenium.By$ById.findElement(By.java:218)
	at org.openqa.selenium.remote.RemoteWebDriver.findElement(RemoteWebDriver.java:355)
	at pageObject.CreateReferralSourceAccount.enterTxtOnAccountName(CreateReferralSourceAccount.java:88)
	at pageObject.CreateReferralSourceAccount.enterDataOnThePage(CreateReferralSourceAccount.java:241)
	at testCase.TestCaseForCreateReferralSourceAc.accNameVerify(TestCaseForCreateReferralSourceAc.java:62)
... Removed 28 stack frames]]>
    </failure>
  </testcase> <!-- accNameVerify -->
  <testcase name="phoneNumberVerify" time="30.199" classname="testCase.TestCaseForCreateReferralSourceAc">
    <failure type="org.openqa.selenium.NoSuchElementException" message="Unable to find element with id == acc2 (WARNING: The server did not provide any stacktrace information)
Command duration or timeout: 30.20 seconds
For documentation on this error, please visit: http://seleniumhq.org/exceptions/no_such_element.html
Build info: version: &amp;apos;2.49.1&amp;apos;, revision: &amp;apos;b41a073&amp;apos;, time: &amp;apos;2016-01-21 17:32:24&amp;apos;
System info: host: &amp;apos;01250LT2368&amp;apos;, ip: &amp;apos;10.8.44.138&amp;apos;, os.name: &amp;apos;Windows 7&amp;apos;, os.arch: &amp;apos;x86&amp;apos;, os.version: &amp;apos;6.1&amp;apos;, java.version: &amp;apos;1.8.0_60&amp;apos;
Driver info: org.openqa.selenium.ie.InternetExplorerDriver
Capabilities [{browserAttachTimeout=0, enablePersistentHover=true, ie.forceCreateProcessApi=false, pageLoadStrategy=normal, ie.usePerProcessProxy=false, ignoreZoomSetting=false, handlesAlerts=true, version=11, platform=WINDOWS, nativeEvents=true, ie.ensureCleanSession=false, elementScrollBehavior=0, ie.browserCommandLineSwitches=, requireWindowFocus=false, browserName=internet explorer, initialBrowserUrl=http://localhost:1315/, takesScreenshot=true, javascriptEnabled=true, ignoreProtectedModeSettings=true, enableElementCacheCleanup=true, cssSelectorsEnabled=true, unexpectedAlertBehaviour=dismiss}]
Session ID: 9f903c6f-d99d-41a8-8368-102c48b947dc
*** Element info: {Using=id, value=acc2}">
      <![CDATA[org.openqa.selenium.NoSuchElementException: Unable to find element with id == acc2 (WARNING: The server did not provide any stacktrace information)
Command duration or timeout: 30.20 seconds
For documentation on this error, please visit: http://seleniumhq.org/exceptions/no_such_element.html
Build info: version: '2.49.1', revision: 'b41a073', time: '2016-01-21 17:32:24'
System info: host: '01250LT2368', ip: '10.8.44.138', os.name: 'Windows 7', os.arch: 'x86', os.version: '6.1', java.version: '1.8.0_60'
Driver info: org.openqa.selenium.ie.InternetExplorerDriver
Capabilities [{browserAttachTimeout=0, enablePersistentHover=true, ie.forceCreateProcessApi=false, pageLoadStrategy=normal, ie.usePerProcessProxy=false, ignoreZoomSetting=false, handlesAlerts=true, version=11, platform=WINDOWS, nativeEvents=true, ie.ensureCleanSession=false, elementScrollBehavior=0, ie.browserCommandLineSwitches=, requireWindowFocus=false, browserName=internet explorer, initialBrowserUrl=http://localhost:1315/, takesScreenshot=true, javascriptEnabled=true, ignoreProtectedModeSettings=true, enableElementCacheCleanup=true, cssSelectorsEnabled=true, unexpectedAlertBehaviour=dismiss}]
Session ID: 9f903c6f-d99d-41a8-8368-102c48b947dc
*** Element info: {Using=id, value=acc2}
	at org.openqa.selenium.remote.ErrorHandler.createThrowable(ErrorHandler.java:206)
	at org.openqa.selenium.remote.ErrorHandler.throwIfResponseFailed(ErrorHandler.java:158)
	at org.openqa.selenium.remote.RemoteWebDriver.execute(RemoteWebDriver.java:678)
	at org.openqa.selenium.remote.RemoteWebDriver.findElement(RemoteWebDriver.java:363)
	at org.openqa.selenium.remote.RemoteWebDriver.findElementById(RemoteWebDriver.java:413)
	at org.openqa.selenium.By$ById.findElement(By.java:218)
	at org.openqa.selenium.remote.RemoteWebDriver.findElement(RemoteWebDriver.java:355)
	at pageObject.CreateReferralSourceAccount.clearAllData(CreateReferralSourceAccount.java:258)
	at testCase.TestCaseForCreateReferralSourceAc.phoneNumberVerify(TestCaseForCreateReferralSourceAc.java:84)
... Removed 28 stack frames]]>
    </failure>
  </testcase> <!-- phoneNumberVerify -->
  <testcase name="verifyEmail" time="30.546" classname="testCase.TestCaseForCreateReferralSourceAc">
    <failure type="org.openqa.selenium.NoSuchElementException" message="Unable to find element with xpath == .//*[@id=&amp;apos;hotlist&amp;apos;]/table/tbody/tr/td[2]/input (WARNING: The server did not provide any stacktrace information)
Command duration or timeout: 30.16 seconds
For documentation on this error, please visit: http://seleniumhq.org/exceptions/no_such_element.html
Build info: version: &amp;apos;2.49.1&amp;apos;, revision: &amp;apos;b41a073&amp;apos;, time: &amp;apos;2016-01-21 17:32:24&amp;apos;
System info: host: &amp;apos;01250LT2368&amp;apos;, ip: &amp;apos;10.8.44.138&amp;apos;, os.name: &amp;apos;Windows 7&amp;apos;, os.arch: &amp;apos;x86&amp;apos;, os.version: &amp;apos;6.1&amp;apos;, java.version: &amp;apos;1.8.0_60&amp;apos;
Driver info: org.openqa.selenium.ie.InternetExplorerDriver
Capabilities [{browserAttachTimeout=0, enablePersistentHover=true, ie.forceCreateProcessApi=false, pageLoadStrategy=normal, ie.usePerProcessProxy=false, ignoreZoomSetting=false, handlesAlerts=true, version=11, platform=WINDOWS, nativeEvents=true, ie.ensureCleanSession=false, elementScrollBehavior=0, ie.browserCommandLineSwitches=, requireWindowFocus=false, browserName=internet explorer, initialBrowserUrl=http://localhost:1315/, takesScreenshot=true, javascriptEnabled=true, ignoreProtectedModeSettings=true, enableElementCacheCleanup=true, cssSelectorsEnabled=true, unexpectedAlertBehaviour=dismiss}]
Session ID: 9f903c6f-d99d-41a8-8368-102c48b947dc
*** Element info: {Using=xpath, value=.//*[@id=&amp;apos;hotlist&amp;apos;]/table/tbody/tr/td[2]/input}">
      <![CDATA[org.openqa.selenium.NoSuchElementException: Unable to find element with xpath == .//*[@id='hotlist']/table/tbody/tr/td[2]/input (WARNING: The server did not provide any stacktrace information)
Command duration or timeout: 30.16 seconds
For documentation on this error, please visit: http://seleniumhq.org/exceptions/no_such_element.html
Build info: version: '2.49.1', revision: 'b41a073', time: '2016-01-21 17:32:24'
System info: host: '01250LT2368', ip: '10.8.44.138', os.name: 'Windows 7', os.arch: 'x86', os.version: '6.1', java.version: '1.8.0_60'
Driver info: org.openqa.selenium.ie.InternetExplorerDriver
Capabilities [{browserAttachTimeout=0, enablePersistentHover=true, ie.forceCreateProcessApi=false, pageLoadStrategy=normal, ie.usePerProcessProxy=false, ignoreZoomSetting=false, handlesAlerts=true, version=11, platform=WINDOWS, nativeEvents=true, ie.ensureCleanSession=false, elementScrollBehavior=0, ie.browserCommandLineSwitches=, requireWindowFocus=false, browserName=internet explorer, initialBrowserUrl=http://localhost:1315/, takesScreenshot=true, javascriptEnabled=true, ignoreProtectedModeSettings=true, enableElementCacheCleanup=true, cssSelectorsEnabled=true, unexpectedAlertBehaviour=dismiss}]
Session ID: 9f903c6f-d99d-41a8-8368-102c48b947dc
*** Element info: {Using=xpath, value=.//*[@id='hotlist']/table/tbody/tr/td[2]/input}
	at org.openqa.selenium.remote.ErrorHandler.createThrowable(ErrorHandler.java:206)
	at org.openqa.selenium.remote.ErrorHandler.throwIfResponseFailed(ErrorHandler.java:158)
	at org.openqa.selenium.remote.RemoteWebDriver.execute(RemoteWebDriver.java:678)
	at org.openqa.selenium.remote.RemoteWebDriver.findElement(RemoteWebDriver.java:363)
	at org.openqa.selenium.remote.RemoteWebDriver.findElementByXPath(RemoteWebDriver.java:500)
	at org.openqa.selenium.By$ByXPath.findElement(By.java:361)
	at org.openqa.selenium.remote.RemoteWebDriver.findElement(RemoteWebDriver.java:355)
	at pageObject.NavigateToOtherPage.navigateToAccountCreatePage(NavigateToOtherPage.java:37)
	at testCase.TestCaseForCreateReferralSourceAc.verifyEmail(TestCaseForCreateReferralSourceAc.java:112)
... Removed 28 stack frames]]>
    </failure>
  </testcase> <!-- verifyEmail -->
</testsuite> <!-- Test3 -->
