<?xml version="1.0" encoding="UTF-8"?>
<!-- Generated by org.testng.reporters.JUnitXMLReporter -->
<testsuite hostname="01250LT2368" name="Test2" tests="27" failures="0" timestamp="26 Jan 2016 19:22:31 GMT" time="102.398" errors="0">
  <testcase name="verifyInvalidIDBlank" time="1.241" classname="testCase.TestCaseForLogin"/>
  <testcase name="verifyInvalidID" time="0.985" classname="testCase.TestCaseForLogin"/>
  <testcase name="verifyInvalidPassword" time="1.316" classname="testCase.TestCaseForLogin"/>
  <testcase name="validLogin" time="0.61" classname="testCase.TestCaseForLogin"/>
  <testcase name="verifyRemebarMeCheckBox" time="0.576" classname="testCase.TestCaseForLogin"/>
  <testcase name="logIn" time="5.854" classname="testCase.TestCaseForLogin"/>
  <testcase name="verifyTitle" time="0.183" classname="testCase.TestCaseForLogin"/>
  <testcase name="logout" time="0.437" classname="testCase.TestCaseForLogin"/>
  <testcase name="loginIntoApplication" time="2.096" classname="testCase.TestCaseForCreateMemberAcWithLogin"/>
  <testcase name="navigateToAccountPage" time="7.025" classname="testCase.TestCaseForCreateMemberAcWithLogin"/>
  <testcase name="enterBlankDataIntoMemberAc" time="1.298" classname="testCase.TestCaseForCreateMemberAcWithLogin"/>
  <testcase name="enterInvalidSsn" time="1.63" classname="testCase.TestCaseForCreateMemberAcWithLogin"/>
  <testcase name="enterInvalidDate" time="1.732" classname="testCase.TestCaseForCreateMemberAcWithLogin"/>
  <testcase name="enterInvalidEmail" time="2.675" classname="testCase.TestCaseForCreateMemberAcWithLogin"/>
  <testcase name="createAMemberAcWithValidData" time="3.099" classname="testCase.TestCaseForCreateMemberAcWithLogin"/>
  <testcase name="validLoginForNewAcCreate" time="9.441" classname="testCase.TestCaseForCreateIndiviualProviderAc"/>
  <testcase name="blankSubmit" time="3.082" classname="testCase.TestCaseForCreateIndiviualProviderAc"/>
  <testcase name="lastNameVerify" time="1.252" classname="testCase.TestCaseForCreateIndiviualProviderAc"/>
  <testcase name="EmailVerify" time="1.338" classname="testCase.TestCaseForCreateIndiviualProviderAc"/>
  <testcase name="createANewAcc" time="2.854" classname="testCase.TestCaseForCreateIndiviualProviderAc"/>
  <testcase name="validLoginForNewAcCreate" time="8.03" classname="testCase.TestCaseForCreateNonIndiviualProviderAc"/>
  <testcase name="blankSubmit" time="3.567" classname="testCase.TestCaseForCreateNonIndiviualProviderAc"/>
  <testcase name="validLoginForNewAcCreate" time="11.41" classname="testCase.TestCaseForCreateReferralSourceAc"/>
  <testcase name="blankSubmit" time="3.003" classname="testCase.TestCaseForCreateReferralSourceAc"/>
  <testcase name="accNameVerify" time="3.821" classname="testCase.TestCaseForCreateReferralSourceAc"/>
  <testcase name="phoneNumberVerify" time="6.121" classname="testCase.TestCaseForCreateReferralSourceAc"/>
  <testcase name="verifyEmail" time="6.512" classname="testCase.TestCaseForCreateReferralSourceAc"/>
</testsuite> <!-- Test2 -->
